<?xml version="1.0" encoding="UTF-8"?>
<!-- Generated by org.testng.reporters.JUnitXMLReporter -->
<testsuite hostname="SRMRILAP" ignored="0" name="Test" tests="3" failures="0" timestamp="2021-05-05T13:07:19 IST" time="37.442" errors="0">
  <testcase name="SearchProduct" time="8.252" classname="com.qa.testscripts.TC_Amazon_01"/>
  <testcase name="SearchProduct" time="7.221" classname="com.qa.testscripts.TC_Amazon_01"/>
  <testcase name="SearchProduct" time="7.101" classname="com.qa.testscripts.TC_Amazon_01"/>
</testsuite> <!-- Test -->
