<?xml version="1.0" encoding="UTF-8"?>
<testng-results skipped="0" failed="0" ignored="0" total="3" passed="3">
  <reporter-output>
    <line>
      <![CDATA[The Da Vinci Code: (Robert Langdon Book 2)]]>
    </line>
    <line>
      <![CDATA[₹312]]>
    </line>
    <line>
      <![CDATA[The Da Vinci Code (Abridged Edition)]]>
    </line>
    <line>
      <![CDATA[₹129]]>
    </line>
    <line>
      <![CDATA[DA VINCI CODE]]>
    </line>
    <line>
      <![CDATA[₹0]]>
    </line>
    <line>
      <![CDATA[The Robert Langdon Collection by Dan Brown: Inferno/The Lost Symbol/The Da Vinci Code/Angels & Demons]]>
    </line>
    <line>
      <![CDATA[₹363]]>
    </line>
    <line>
      <![CDATA[Robert Langdon Series Collection 7 Books Set By Dan Brown (Angels And Demons, The Da Vinci Code, The Lost Symbol, Inferno, Origin, Digital Fortress, Deception Point)]]>
    </line>
    <line>
      <![CDATA[₹228]]>
    </line>
    <line>
      <![CDATA[The Da Vinci Code]]>
    </line>
    <line>
      <![CDATA[₹430]]>
    </line>
    <line>
      <![CDATA[Davinci Code]]>
    </line>
    <line>
      <![CDATA[₹2,099]]>
    </line>
    <line>
      <![CDATA[The Da Vinci Code Mysteries: What the Movie Doesn't Tell You]]>
    </line>
    <line>
      <![CDATA[₹265]]>
    </line>
    <line>
      <![CDATA[101 Witty Stories Of Akbar and Birbal - Collection Of Humorous Stories For Kids]]>
    </line>
    <line>
      <![CDATA[₹0]]>
    </line>
    <line>
      <![CDATA[Hungry Gods]]>
    </line>
    <line>
      <![CDATA[₹195]]>
    </line>
    <line>
      <![CDATA[Unveiling the Da Vinci Code: The Mystery of the Da Vinci Code Revealed, a Christian Perspective]]>
    </line>
    <line>
      <![CDATA[₹570]]>
    </line>
    <line>
      <![CDATA[The Da Vinci Code]]>
    </line>
    <line>
      <![CDATA[₹429]]>
    </line>
    <line>
      <![CDATA[The Da Vinci Code: From Dan Brown’s Fiction to Mary Magdalene’s Faith]]>
    </line>
    <line>
      <![CDATA[₹238]]>
    </line>
    <line>
      <![CDATA[Fact and Fiction in "The Da Vinci Code"]]>
    </line>
    <line>
      <![CDATA[₹350]]>
    </line>
    <line>
      <![CDATA[THE DA VINCI CODE : A QUEST FOR ANSWERS (HINDI)]]>
    </line>
    <line>
      <![CDATA[₹1,429]]>
    </line>
    <line>
      <![CDATA[DaVinci's Code EXPOSED: The Truth About Desposynism and the Family of Jesus Christ]]>
    </line>
    <line>
      <![CDATA[₹972]]>
    </line>
    <line>
      <![CDATA[Samsung Galaxy M31 (Ocean Blue, 6GB RAM, 128GB Storage)]]>
    </line>
    <line>
      <![CDATA[₹13,999]]>
    </line>
    <line>
      <![CDATA[New Apple iPhone 12 Mini (128GB) - White]]>
    </line>
    <line>
      <![CDATA[₹63,999]]>
    </line>
    <line>
      <![CDATA[Samsung Galaxy M12 (Blue,6GB RAM, 128GB Storage) 6000 mAh with 8nm Processor | True 48 MP Quad Camera | 90Hz Refresh Rate]]>
    </line>
    <line>
      <![CDATA[₹12,499]]>
    </line>
    <line>
      <![CDATA[Redmi 9A (Nature Green, 2GB Ram, 32GB Storage) | 2GHz Octa-core Helio G25 Processor]]>
    </line>
    <line>
      <![CDATA[₹6,799]]>
    </line>
    <line>
      <![CDATA[Oppo A31 (Fantasy White, 6GB RAM, 128GB Storage) with No Cost EMI/Additional Exchange Offers]]>
    </line>
    <line>
      <![CDATA[₹10,990]]>
    </line>
    <line>
      <![CDATA[Redmi 9 (Sky Blue, 4GB RAM, 64GB Storage)| 5000 mAh| 2.3GHz Mediatek Helio G35 Octa core Processor]]>
    </line>
    <line>
      <![CDATA[₹8,499]]>
    </line>
    <line>
      <![CDATA[Vaya Phone Stand for Mobiles Tablets & E-reader Devices | Multi-angle rotation for flexibility | Comfortable for watching movies n attending zoom calls on phone | Color- Black | Perfect Valentine Gift]]>
    </line>
    <line>
      <![CDATA[₹490]]>
    </line>
    <line>
      <![CDATA[Vivo Y91i (Ocean Blue, 3GB RAM, 32GB Storage) with No Cost EMI/Additional Exchange Offers]]>
    </line>
    <line>
      <![CDATA[₹7,990]]>
    </line>
    <line>
      <![CDATA[Samsung Guru Music 2 (Gold)]]>
    </line>
    <line>
      <![CDATA[₹1,950]]>
    </line>
    <line>
      <![CDATA[Samsung Galaxy M21 (Midnight Blue, 4GB RAM, 64GB Storage)]]>
    </line>
    <line>
      <![CDATA[₹12,499]]>
    </line>
    <line>
      <![CDATA[Oppo A31 (Mystery Black, 6GB RAM, 128GB Storage) with No Cost EMI/Additional Exchange Offers]]>
    </line>
    <line>
      <![CDATA[₹10,990]]>
    </line>
    <line>
      <![CDATA[Nokia 225 4G Dual SIM Feature Phone with Long Battery Life, Camera, Multiplayer Games, and Premium Finish – Black Colour]]>
    </line>
    <line>
      <![CDATA[₹3,617]]>
    </line>
    <line>
      <![CDATA[Samsung Galaxy M31 (Ocean Blue, 6GB RAM, 128GB Storage)]]>
    </line>
    <line>
      <![CDATA[₹13,999]]>
    </line>
    <line>
      <![CDATA[Samsung Galaxy M21 (Raven Black, 6GB RAM, 128GB Storage)]]>
    </line>
    <line>
      <![CDATA[₹14,499]]>
    </line>
    <line>
      <![CDATA[Mi 11X 5G Cosmic Black 6GB RAM 128GB ROM|SD 870|DisplayMate A+ rated E4 AMOLED |HDFC Cashback Upto 3500|NCEMI upto 12 Months|]]>
    </line>
    <line>
      <![CDATA[₹29,999]]>
    </line>
    <line>
      <![CDATA[Mi 11X Pro 5G (Lunar White, 8GB RAM, 128GB Storage) | Upto INR 4000 Off on HDFC Bank Cards and EMI | Upto 12 Months No Cost EMI]]>
    </line>
    <line>
      <![CDATA[₹39,999]]>
    </line>
    <line>
      <![CDATA[Crystal Wooden Art Original Sheesham Wooden Coffee Table with Drawers | Stylish and Elegant Coffee Table | Natural Finish]]>
    </line>
    <line>
      <![CDATA[₹10,000]]>
    </line>
    <line>
      <![CDATA[LowCost Furniture Sheesham Solid Wood Coffee Table | Coffee Tables Wooden | Coffee Table for Living Room | Finish Color - Natural Teak]]>
    </line>
    <line>
      <![CDATA[₹17,999]]>
    </line>
    <line>
      <![CDATA[LowCost Furniture Sheesham Wooden Console Table | Console Tables for Living Room | Study Table for Kids | Study Table for Adults | Natural Brown Finish]]>
    </line>
    <line>
      <![CDATA[₹12,000]]>
    </line>
    <line>
      <![CDATA[DECORVAIZ Marvelous Look Premium Wooden Folding Side Table | Coffee Table | End Table - (12 Inch)]]>
    </line>
    <line>
      <![CDATA[₹355]]>
    </line>
    <line>
      <![CDATA[DECORVAIZ Wooden Royal Look Beautiful Folding Side | Coffee | End | Table - (12 INCH)]]>
    </line>
    <line>
      <![CDATA[₹388]]>
    </line>
    <line>
      <![CDATA[DECORVAIZ Wooden Royal Look Beautiful Folding Side | Coffee | End | Table - (12 INCH)]]>
    </line>
    <line>
      <![CDATA[₹378]]>
    </line>
    <line>
      <![CDATA[Ultimate Twist® Round Beautiful Wooden Folding Stool Foldable Stool for Office, Kitchen & Home Décor Wooden Folding Table - (12INCH)]]>
    </line>
    <line>
      <![CDATA[₹299]]>
    </line>
    <line>
      <![CDATA[GIZGA essentials Multipurpose Wooden Foldable Bed Table - Laptop Table for Reading/Eating/Study Table/Craftwork (Wenge)]]>
    </line>
    <line>
      <![CDATA[₹999]]>
    </line>
    <line>
      <![CDATA[SZHC Beautiful Antique Wooden Folding Side Table (Brown)]]>
    </line>
    <line>
      <![CDATA[₹399]]>
    </line>
    <line>
      <![CDATA[classic shoppee ABE Handicrafts Wooden Matte Handcrafted Square Antique Finish Folding Stool for Living Room (Dark Brown, 12" inch)]]>
    </line>
    <line>
      <![CDATA[₹372]]>
    </line>
    <line>
      <![CDATA[Heritage wood crafts Antique Folding End Table-8*8*8 inches(L*W*H) (Wood; Glossy, Brown)]]>
    </line>
    <line>
      <![CDATA[₹450]]>
    </line>
    <line>
      <![CDATA[Sk Handicrafts sk handicraft Wooden Square Folding Side Table/Coffee and Outdoor Table for and Living Room 12 inch (Brown)]]>
    </line>
    <line>
      <![CDATA[₹399]]>
    </line>
    <line>
      <![CDATA[Amazon Brand - Solimo Sienna Solid Sheesham Wood Contemporary Coffee Table (Teak Finish)]]>
    </line>
    <line>
      <![CDATA[₹5,099]]>
    </line>
    <line>
      <![CDATA[BLUEWUD Victor Engineered Wood Coffee Table/Centre Table with Shelves (Wenge)]]>
    </line>
    <line>
      <![CDATA[₹3,649]]>
    </line>
    <line>
      <![CDATA[BLUEWUD Leo Engineered Wood Coffee Table/Centre Table with Shelves (Wenge)]]>
    </line>
    <line>
      <![CDATA[₹3,749]]>
    </line>
    <line>
      <![CDATA[UHUD CRAFTSBeautiful Antique Wooden Foldable Side Table/End Table/Stool Living Room Kids Play Furniture Table Square Shape]]>
    </line>
    <line>
      <![CDATA[₹249]]>
    </line>
  </reporter-output>
  <suite name="Suite" duration-ms="37442" started-at="2021-05-05T13:06:42 IST" finished-at="2021-05-05T13:07:19 IST">
    <groups>
    </groups>
    <test name="Test" duration-ms="37442" started-at="2021-05-05T13:06:42 IST" finished-at="2021-05-05T13:07:19 IST">
      <class name="com.qa.testscripts.TC_Amazon_01">
        <test-method status="PASS" signature="Setup(java.lang.String, java.lang.String)[pri:0, instance:com.qa.testscripts.TC_Amazon_01@11438d26]" name="Setup" is-config="true" duration-ms="8614" started-at="2021-05-05T13:06:42 IST" finished-at="2021-05-05T13:06:50 IST">
          <params>
            <param index="0">
              <value>
                <![CDATA[chrome]]>
              </value>
            </param>
            <param index="1">
              <value>
                <![CDATA[https://www.amazon.in/]]>
              </value>
            </param>
          </params>
          <reporter-output>
          </reporter-output>
        </test-method> <!-- Setup -->
        <test-method status="PASS" signature="SearchProduct(java.lang.String, java.lang.String)[pri:0, instance:com.qa.testscripts.TC_Amazon_01@11438d26]" name="SearchProduct" duration-ms="8252" started-at="2021-05-05T13:06:52 IST" data-provider="SearchProvider" finished-at="2021-05-05T13:07:01 IST">
          <params>
            <param index="0">
              <value>
                <![CDATA[Books]]>
              </value>
            </param>
            <param index="1">
              <value>
                <![CDATA[Da vinci code]]>
              </value>
            </param>
          </params>
          <reporter-output>
            <line>
              <![CDATA[The Da Vinci Code: (Robert Langdon Book 2)]]>
            </line>
            <line>
              <![CDATA[₹312]]>
            </line>
            <line>
              <![CDATA[The Da Vinci Code (Abridged Edition)]]>
            </line>
            <line>
              <![CDATA[₹129]]>
            </line>
            <line>
              <![CDATA[DA VINCI CODE]]>
            </line>
            <line>
              <![CDATA[₹0]]>
            </line>
            <line>
              <![CDATA[The Robert Langdon Collection by Dan Brown: Inferno/The Lost Symbol/The Da Vinci Code/Angels & Demons]]>
            </line>
            <line>
              <![CDATA[₹363]]>
            </line>
            <line>
              <![CDATA[Robert Langdon Series Collection 7 Books Set By Dan Brown (Angels And Demons, The Da Vinci Code, The Lost Symbol, Inferno, Origin, Digital Fortress, Deception Point)]]>
            </line>
            <line>
              <![CDATA[₹228]]>
            </line>
            <line>
              <![CDATA[The Da Vinci Code]]>
            </line>
            <line>
              <![CDATA[₹430]]>
            </line>
            <line>
              <![CDATA[Davinci Code]]>
            </line>
            <line>
              <![CDATA[₹2,099]]>
            </line>
            <line>
              <![CDATA[The Da Vinci Code Mysteries: What the Movie Doesn't Tell You]]>
            </line>
            <line>
              <![CDATA[₹265]]>
            </line>
            <line>
              <![CDATA[101 Witty Stories Of Akbar and Birbal - Collection Of Humorous Stories For Kids]]>
            </line>
            <line>
              <![CDATA[₹0]]>
            </line>
            <line>
              <![CDATA[Hungry Gods]]>
            </line>
            <line>
              <![CDATA[₹195]]>
            </line>
            <line>
              <![CDATA[Unveiling the Da Vinci Code: The Mystery of the Da Vinci Code Revealed, a Christian Perspective]]>
            </line>
            <line>
              <![CDATA[₹570]]>
            </line>
            <line>
              <![CDATA[The Da Vinci Code]]>
            </line>
            <line>
              <![CDATA[₹429]]>
            </line>
            <line>
              <![CDATA[The Da Vinci Code: From Dan Brown’s Fiction to Mary Magdalene’s Faith]]>
            </line>
            <line>
              <![CDATA[₹238]]>
            </line>
            <line>
              <![CDATA[Fact and Fiction in "The Da Vinci Code"]]>
            </line>
            <line>
              <![CDATA[₹350]]>
            </line>
            <line>
              <![CDATA[THE DA VINCI CODE : A QUEST FOR ANSWERS (HINDI)]]>
            </line>
            <line>
              <![CDATA[₹1,429]]>
            </line>
            <line>
              <![CDATA[DaVinci's Code EXPOSED: The Truth About Desposynism and the Family of Jesus Christ]]>
            </line>
            <line>
              <![CDATA[₹972]]>
            </line>
          </reporter-output>
        </test-method> <!-- SearchProduct -->
        <test-method status="PASS" signature="SearchProduct(java.lang.String, java.lang.String)[pri:0, instance:com.qa.testscripts.TC_Amazon_01@11438d26]" name="SearchProduct" duration-ms="7221" started-at="2021-05-05T13:07:01 IST" data-provider="SearchProvider" finished-at="2021-05-05T13:07:08 IST">
          <params>
            <param index="0">
              <value>
                <![CDATA[Electronics]]>
              </value>
            </param>
            <param index="1">
              <value>
                <![CDATA[Mobile phones]]>
              </value>
            </param>
          </params>
          <reporter-output>
            <line>
              <![CDATA[Samsung Galaxy M31 (Ocean Blue, 6GB RAM, 128GB Storage)]]>
            </line>
            <line>
              <![CDATA[₹13,999]]>
            </line>
            <line>
              <![CDATA[New Apple iPhone 12 Mini (128GB) - White]]>
            </line>
            <line>
              <![CDATA[₹63,999]]>
            </line>
            <line>
              <![CDATA[Samsung Galaxy M12 (Blue,6GB RAM, 128GB Storage) 6000 mAh with 8nm Processor | True 48 MP Quad Camera | 90Hz Refresh Rate]]>
            </line>
            <line>
              <![CDATA[₹12,499]]>
            </line>
            <line>
              <![CDATA[Redmi 9A (Nature Green, 2GB Ram, 32GB Storage) | 2GHz Octa-core Helio G25 Processor]]>
            </line>
            <line>
              <![CDATA[₹6,799]]>
            </line>
            <line>
              <![CDATA[Oppo A31 (Fantasy White, 6GB RAM, 128GB Storage) with No Cost EMI/Additional Exchange Offers]]>
            </line>
            <line>
              <![CDATA[₹10,990]]>
            </line>
            <line>
              <![CDATA[Redmi 9 (Sky Blue, 4GB RAM, 64GB Storage)| 5000 mAh| 2.3GHz Mediatek Helio G35 Octa core Processor]]>
            </line>
            <line>
              <![CDATA[₹8,499]]>
            </line>
            <line>
              <![CDATA[Vaya Phone Stand for Mobiles Tablets & E-reader Devices | Multi-angle rotation for flexibility | Comfortable for watching movies n attending zoom calls on phone | Color- Black | Perfect Valentine Gift]]>
            </line>
            <line>
              <![CDATA[₹490]]>
            </line>
            <line>
              <![CDATA[Vivo Y91i (Ocean Blue, 3GB RAM, 32GB Storage) with No Cost EMI/Additional Exchange Offers]]>
            </line>
            <line>
              <![CDATA[₹7,990]]>
            </line>
            <line>
              <![CDATA[Samsung Guru Music 2 (Gold)]]>
            </line>
            <line>
              <![CDATA[₹1,950]]>
            </line>
            <line>
              <![CDATA[Samsung Galaxy M21 (Midnight Blue, 4GB RAM, 64GB Storage)]]>
            </line>
            <line>
              <![CDATA[₹12,499]]>
            </line>
            <line>
              <![CDATA[Oppo A31 (Mystery Black, 6GB RAM, 128GB Storage) with No Cost EMI/Additional Exchange Offers]]>
            </line>
            <line>
              <![CDATA[₹10,990]]>
            </line>
            <line>
              <![CDATA[Nokia 225 4G Dual SIM Feature Phone with Long Battery Life, Camera, Multiplayer Games, and Premium Finish – Black Colour]]>
            </line>
            <line>
              <![CDATA[₹3,617]]>
            </line>
            <line>
              <![CDATA[Samsung Galaxy M31 (Ocean Blue, 6GB RAM, 128GB Storage)]]>
            </line>
            <line>
              <![CDATA[₹13,999]]>
            </line>
            <line>
              <![CDATA[Samsung Galaxy M21 (Raven Black, 6GB RAM, 128GB Storage)]]>
            </line>
            <line>
              <![CDATA[₹14,499]]>
            </line>
            <line>
              <![CDATA[Mi 11X 5G Cosmic Black 6GB RAM 128GB ROM|SD 870|DisplayMate A+ rated E4 AMOLED |HDFC Cashback Upto 3500|NCEMI upto 12 Months|]]>
            </line>
            <line>
              <![CDATA[₹29,999]]>
            </line>
            <line>
              <![CDATA[Mi 11X Pro 5G (Lunar White, 8GB RAM, 128GB Storage) | Upto INR 4000 Off on HDFC Bank Cards and EMI | Upto 12 Months No Cost EMI]]>
            </line>
            <line>
              <![CDATA[₹39,999]]>
            </line>
          </reporter-output>
        </test-method> <!-- SearchProduct -->
        <test-method status="PASS" signature="SearchProduct(java.lang.String, java.lang.String)[pri:0, instance:com.qa.testscripts.TC_Amazon_01@11438d26]" name="SearchProduct" duration-ms="7101" started-at="2021-05-05T13:07:08 IST" data-provider="SearchProvider" finished-at="2021-05-05T13:07:15 IST">
          <params>
            <param index="0">
              <value>
                <![CDATA[Furniture]]>
              </value>
            </param>
            <param index="1">
              <value>
                <![CDATA[Wooden tables]]>
              </value>
            </param>
          </params>
          <reporter-output>
            <line>
              <![CDATA[Crystal Wooden Art Original Sheesham Wooden Coffee Table with Drawers | Stylish and Elegant Coffee Table | Natural Finish]]>
            </line>
            <line>
              <![CDATA[₹10,000]]>
            </line>
            <line>
              <![CDATA[LowCost Furniture Sheesham Solid Wood Coffee Table | Coffee Tables Wooden | Coffee Table for Living Room | Finish Color - Natural Teak]]>
            </line>
            <line>
              <![CDATA[₹17,999]]>
            </line>
            <line>
              <![CDATA[LowCost Furniture Sheesham Wooden Console Table | Console Tables for Living Room | Study Table for Kids | Study Table for Adults | Natural Brown Finish]]>
            </line>
            <line>
              <![CDATA[₹12,000]]>
            </line>
            <line>
              <![CDATA[DECORVAIZ Marvelous Look Premium Wooden Folding Side Table | Coffee Table | End Table - (12 Inch)]]>
            </line>
            <line>
              <![CDATA[₹355]]>
            </line>
            <line>
              <![CDATA[DECORVAIZ Wooden Royal Look Beautiful Folding Side | Coffee | End | Table - (12 INCH)]]>
            </line>
            <line>
              <![CDATA[₹388]]>
            </line>
            <line>
              <![CDATA[DECORVAIZ Wooden Royal Look Beautiful Folding Side | Coffee | End | Table - (12 INCH)]]>
            </line>
            <line>
              <![CDATA[₹378]]>
            </line>
            <line>
              <![CDATA[Ultimate Twist® Round Beautiful Wooden Folding Stool Foldable Stool for Office, Kitchen & Home Décor Wooden Folding Table - (12INCH)]]>
            </line>
            <line>
              <![CDATA[₹299]]>
            </line>
            <line>
              <![CDATA[GIZGA essentials Multipurpose Wooden Foldable Bed Table - Laptop Table for Reading/Eating/Study Table/Craftwork (Wenge)]]>
            </line>
            <line>
              <![CDATA[₹999]]>
            </line>
            <line>
              <![CDATA[SZHC Beautiful Antique Wooden Folding Side Table (Brown)]]>
            </line>
            <line>
              <![CDATA[₹399]]>
            </line>
            <line>
              <![CDATA[classic shoppee ABE Handicrafts Wooden Matte Handcrafted Square Antique Finish Folding Stool for Living Room (Dark Brown, 12" inch)]]>
            </line>
            <line>
              <![CDATA[₹372]]>
            </line>
            <line>
              <![CDATA[Heritage wood crafts Antique Folding End Table-8*8*8 inches(L*W*H) (Wood; Glossy, Brown)]]>
            </line>
            <line>
              <![CDATA[₹450]]>
            </line>
            <line>
              <![CDATA[Sk Handicrafts sk handicraft Wooden Square Folding Side Table/Coffee and Outdoor Table for and Living Room 12 inch (Brown)]]>
            </line>
            <line>
              <![CDATA[₹399]]>
            </line>
            <line>
              <![CDATA[Amazon Brand - Solimo Sienna Solid Sheesham Wood Contemporary Coffee Table (Teak Finish)]]>
            </line>
            <line>
              <![CDATA[₹5,099]]>
            </line>
            <line>
              <![CDATA[BLUEWUD Victor Engineered Wood Coffee Table/Centre Table with Shelves (Wenge)]]>
            </line>
            <line>
              <![CDATA[₹3,649]]>
            </line>
            <line>
              <![CDATA[BLUEWUD Leo Engineered Wood Coffee Table/Centre Table with Shelves (Wenge)]]>
            </line>
            <line>
              <![CDATA[₹3,749]]>
            </line>
            <line>
              <![CDATA[UHUD CRAFTSBeautiful Antique Wooden Foldable Side Table/End Table/Stool Living Room Kids Play Furniture Table Square Shape]]>
            </line>
            <line>
              <![CDATA[₹249]]>
            </line>
          </reporter-output>
        </test-method> <!-- SearchProduct -->
        <test-method status="PASS" signature="Teardown()[pri:0, instance:com.qa.testscripts.TC_Amazon_01@11438d26]" name="Teardown" is-config="true" duration-ms="4215" started-at="2021-05-05T13:07:15 IST" finished-at="2021-05-05T13:07:19 IST">
          <reporter-output>
          </reporter-output>
        </test-method> <!-- Teardown -->
      </class> <!-- com.qa.testscripts.TC_Amazon_01 -->
    </test> <!-- Test -->
  </suite> <!-- Suite -->
</testng-results>
